{"message":"auction: 2019_06_03_03_46_14 start!","level":"info","service":"elara-server"}
undefined
{"message":"auction: 2019_06_03_04_05_51 start!","level":"info","service":"elara-server"}
undefined
info: auction: 2019_06_03_04_08_58 start! {"service":"elara-server","timestamp":"2019-06-03 04:08:58"}
{"message":"auction: 2019_06_03_04_10_48 start!","level":"info","service":"elara-server","timestamp":"2019-06-03 04:10:48"}
info: auction: 2019_06_03_04_13_03 start! {"service":"elara-server","timestamp":"2019-06-03 04:13:03"}
info: auction 2019_06_03_04_34_32 start! {"service":"elara-server","timestamp":"2019-06-03 04:34:32"}
info: auction 2019_06_03_04_34_32 stopped {"service":"elara-server","timestamp":"2019-06-03 04:37:32"}
info: auction 2019_06_03_04_37_34 start! {"service":"elara-server","timestamp":"2019-06-03 04:37:34"}
info: auction 2019_06_03_04_37_34 stopped {"service":"elara-server","timestamp":"2019-06-03 04:37:35"}
info: auction 2019_06_03_04_37_36 start! {"service":"elara-server","timestamp":"2019-06-03 04:37:36"}
info: auction 2019_06_03_04_37_36 stopped {"service":"elara-server","timestamp":"2019-06-03 04:37:37"}
info: auction 2019_06_03_04_37_38 start! {"service":"elara-server","timestamp":"2019-06-03 04:37:38"}
info: auction 2019_06_03_04_37_38 stopped {"service":"elara-server","timestamp":"2019-06-03 04:37:39"}
info: auction 2019_06_03_04_37_39 start! {"service":"elara-server","timestamp":"2019-06-03 04:37:39"}
info: round 1 start {"service":"elara-server","timestamp":"2019-06-03 04:39:13"}
info: auction 2019_06_03_04_43_47 start! {"service":"elara-server","timestamp":"2019-06-03 04:43:47"}
info: round 1 start {"service":"elara-server","timestamp":"2019-06-03 04:43:51"}
info: round 2 start {"service":"elara-server","timestamp":"2019-06-03 04:44:03"}
info: round 3 start {"service":"elara-server","timestamp":"2019-06-03 04:44:15"}
info: auction 2019_06_03_04_43_47 stopped {"service":"elara-server","timestamp":"2019-06-03 04:45:47"}
info: auction 2019_06_03_04_45_49 start! {"service":"elara-server","timestamp":"2019-06-03 04:45:49"}
info: auction 2019_06_03_04_45_49 stopped {"service":"elara-server","timestamp":"2019-06-03 04:45:51"}
